[debug] [2023-11-21T20:09:16.010Z] ----------------------------------------------------------------------
[debug] [2023-11-21T20:09:16.013Z] Command:       C:\Program Files\nodejs\node.exe C:\Users\danta\AppData\Roaming\npm\node_modules\firebase-tools\lib\bin\firebase.js init
[debug] [2023-11-21T20:09:16.013Z] CLI Version:   12.9.1
[debug] [2023-11-21T20:09:16.013Z] Platform:      win32
[debug] [2023-11-21T20:09:16.013Z] Node Version:  v20.9.0
[debug] [2023-11-21T20:09:16.014Z] Time:          Tue Nov 21 2023 12:09:16 GMT-0800 (Pacific Standard Time)
[debug] [2023-11-21T20:09:16.014Z] ----------------------------------------------------------------------
[debug] 
[debug] [2023-11-21T20:09:16.019Z] > command requires scopes: ["email","openid","https://www.googleapis.com/auth/cloudplatformprojects.readonly","https://www.googleapis.com/auth/firebase","https://www.googleapis.com/auth/cloud-platform"]
[debug] [2023-11-21T20:09:16.020Z] > authorizing via signed-in user (dantaealt@gmail.com)
[info] 
     ######## #### ########  ######## ########     ###     ######  ########
     ##        ##  ##     ## ##       ##     ##  ##   ##  ##       ##
     ######    ##  ########  ######   ########  #########  ######  ######
     ##        ##  ##    ##  ##       ##     ## ##     ##       ## ##
     ##       #### ##     ## ######## ########  ##     ##  ######  ########

You're about to initialize a Firebase project in this directory:

  C:\Users\danta\Documents\GitHub\coil

[info] 
=== Project Setup
[info] 
[info] First, let's associate this project directory with a Firebase project.
[info] You can create multiple project aliases by running firebase use --add, 
[info] but for now we'll just set up a default project.
[info] 
[debug] [2023-11-21T20:09:30.517Z] >>> [apiv2][query] GET https://firebase.googleapis.com/v1beta1/projects pageSize=100
[debug] [2023-11-21T20:09:30.945Z] <<< [apiv2][status] GET https://firebase.googleapis.com/v1beta1/projects 200
[debug] [2023-11-21T20:09:30.946Z] <<< [apiv2][body] GET https://firebase.googleapis.com/v1beta1/projects [omitted]
[info] i  Using project coil-c4ec5 (coil) 
[info] 
=== Hosting Setup
[debug] [2023-11-21T20:09:32.778Z] >>> [apiv2][query] GET https://firebase.googleapis.com/v1beta1/projects/coil-c4ec5 [none]
[debug] [2023-11-21T20:09:33.055Z] <<< [apiv2][status] GET https://firebase.googleapis.com/v1beta1/projects/coil-c4ec5 200
[debug] [2023-11-21T20:09:33.055Z] <<< [apiv2][body] GET https://firebase.googleapis.com/v1beta1/projects/coil-c4ec5 {"projectId":"coil-c4ec5","projectNumber":"635532960606","displayName":"coil","name":"projects/coil-c4ec5","resources":{"hostingSite":"coil-c4ec5"},"state":"ACTIVE","etag":"1_88939266-836a-40eb-8444-86bcea210ae3"}
[info] 
[info] Your public directory is the folder (relative to your project directory) that
[info] will contain Hosting assets to be uploaded with firebase deploy. If you
[info] have a build process for your assets, use your build's output directory.
[info] 
